[20-Apr-2022 20:05:30 UTC] PHP Warning:  PHP Startup: Unable to load dynamic library 'ext/mysqli.so' - ext/mysqli.so: cannot open shared object file: No such file or directory in Unknown on line 0
[20-Apr-2022 20:05:30 UTC] PHP Warning:  PHP Startup: Unable to load dynamic library 'ext/curl' - ext/curl: cannot open shared object file: No such file or directory in Unknown on line 0
[20-Apr-2022 20:05:30 UTC] PHP Warning:  PHP Startup: Unable to load dynamic library 'ext/fileinfo' - ext/fileinfo: cannot open shared object file: No such file or directory in Unknown on line 0
[20-Apr-2022 20:05:30 UTC] PHP Warning:  PHP Startup: Unable to load dynamic library 'ext/mbstring' - ext/mbstring: cannot open shared object file: No such file or directory in Unknown on line 0
[20-Apr-2022 20:05:30 UTC] PHP Warning:  PHP Startup: Unable to load dynamic library 'ext/openssl' - ext/openssl: cannot open shared object file: No such file or directory in Unknown on line 0
[20-Apr-2022 20:05:30 UTC] PHP Warning:  PHP Startup: Unable to load dynamic library 'ext/pdo_firebird' - ext/pdo_firebird: cannot open shared object file: No such file or directory in Unknown on line 0
[20-Apr-2022 20:05:30 UTC] PHP Warning:  PHP Startup: Unable to load dynamic library 'ext/pdo_mysql' - ext/pdo_mysql: cannot open shared object file: No such file or directory in Unknown on line 0
[20-Apr-2022 20:05:30 UTC] PHP Warning:  PHP Startup: Unable to load dynamic library 'ext/pdo_oci' - ext/pdo_oci: cannot open shared object file: No such file or directory in Unknown on line 0
[20-Apr-2022 20:05:30 UTC] PHP Warning:  PHP Startup: Unable to load dynamic library 'ext/pdo_odbc' - ext/pdo_odbc: cannot open shared object file: No such file or directory in Unknown on line 0
[20-Apr-2022 20:05:30 UTC] PHP Warning:  PHP Startup: Unable to load dynamic library 'ext/pdo_pgsql' - ext/pdo_pgsql: cannot open shared object file: No such file or directory in Unknown on line 0
[20-Apr-2022 20:05:30 UTC] PHP Warning:  PHP Startup: Unable to load dynamic library 'ext/pdo_sqlite' - ext/pdo_sqlite: cannot open shared object file: No such file or directory in Unknown on line 0
[20-Apr-2022 20:10:17 UTC] PHP Warning:  PHP Startup: Unable to load dynamic library 'ext/mysqli.so' - ext/mysqli.so: cannot open shared object file: No such file or directory in Unknown on line 0
[20-Apr-2022 20:10:17 UTC] PHP Warning:  PHP Startup: Unable to load dynamic library 'ext/curl' - ext/curl: cannot open shared object file: No such file or directory in Unknown on line 0
[20-Apr-2022 20:10:17 UTC] PHP Warning:  PHP Startup: Unable to load dynamic library 'ext/fileinfo' - ext/fileinfo: cannot open shared object file: No such file or directory in Unknown on line 0
[20-Apr-2022 20:10:17 UTC] PHP Warning:  PHP Startup: Unable to load dynamic library 'ext/mbstring' - ext/mbstring: cannot open shared object file: No such file or directory in Unknown on line 0
[20-Apr-2022 20:10:17 UTC] PHP Warning:  PHP Startup: Unable to load dynamic library 'ext/openssl' - ext/openssl: cannot open shared object file: No such file or directory in Unknown on line 0
[20-Apr-2022 20:10:17 UTC] PHP Warning:  PHP Startup: Unable to load dynamic library 'ext/pdo_firebird' - ext/pdo_firebird: cannot open shared object file: No such file or directory in Unknown on line 0
[20-Apr-2022 20:10:17 UTC] PHP Warning:  PHP Startup: Unable to load dynamic library 'ext/pdo_mysql' - ext/pdo_mysql: cannot open shared object file: No such file or directory in Unknown on line 0
[20-Apr-2022 20:10:17 UTC] PHP Warning:  PHP Startup: Unable to load dynamic library 'ext/pdo_oci' - ext/pdo_oci: cannot open shared object file: No such file or directory in Unknown on line 0
[20-Apr-2022 20:10:17 UTC] PHP Warning:  PHP Startup: Unable to load dynamic library 'ext/pdo_odbc' - ext/pdo_odbc: cannot open shared object file: No such file or directory in Unknown on line 0
[20-Apr-2022 20:10:17 UTC] PHP Warning:  PHP Startup: Unable to load dynamic library 'ext/pdo_pgsql' - ext/pdo_pgsql: cannot open shared object file: No such file or directory in Unknown on line 0
[20-Apr-2022 20:10:17 UTC] PHP Warning:  PHP Startup: Unable to load dynamic library 'ext/pdo_sqlite' - ext/pdo_sqlite: cannot open shared object file: No such file or directory in Unknown on line 0
[20-Apr-2022 20:15:00 UTC] PHP Warning:  PHP Startup: Unable to load dynamic library 'ext/mysqli.so' - ext/mysqli.so: cannot open shared object file: No such file or directory in Unknown on line 0
[20-Apr-2022 20:15:00 UTC] PHP Warning:  PHP Startup: Unable to load dynamic library 'ext/curl' - ext/curl: cannot open shared object file: No such file or directory in Unknown on line 0
[20-Apr-2022 20:15:00 UTC] PHP Warning:  PHP Startup: Unable to load dynamic library 'ext/fileinfo' - ext/fileinfo: cannot open shared object file: No such file or directory in Unknown on line 0
[20-Apr-2022 20:15:00 UTC] PHP Warning:  PHP Startup: Unable to load dynamic library 'ext/mbstring' - ext/mbstring: cannot open shared object file: No such file or directory in Unknown on line 0
[20-Apr-2022 20:15:00 UTC] PHP Warning:  PHP Startup: Unable to load dynamic library 'ext/openssl' - ext/openssl: cannot open shared object file: No such file or directory in Unknown on line 0
[20-Apr-2022 20:15:00 UTC] PHP Warning:  PHP Startup: Unable to load dynamic library 'ext/pdo_firebird' - ext/pdo_firebird: cannot open shared object file: No such file or directory in Unknown on line 0
[20-Apr-2022 20:15:00 UTC] PHP Warning:  PHP Startup: Unable to load dynamic library 'ext/pdo_mysql' - ext/pdo_mysql: cannot open shared object file: No such file or directory in Unknown on line 0
[20-Apr-2022 20:15:00 UTC] PHP Warning:  PHP Startup: Unable to load dynamic library 'ext/pdo_oci' - ext/pdo_oci: cannot open shared object file: No such file or directory in Unknown on line 0
[20-Apr-2022 20:15:00 UTC] PHP Warning:  PHP Startup: Unable to load dynamic library 'ext/pdo_odbc' - ext/pdo_odbc: cannot open shared object file: No such file or directory in Unknown on line 0
[20-Apr-2022 20:15:00 UTC] PHP Warning:  PHP Startup: Unable to load dynamic library 'ext/pdo_pgsql' - ext/pdo_pgsql: cannot open shared object file: No such file or directory in Unknown on line 0
[20-Apr-2022 20:15:00 UTC] PHP Warning:  PHP Startup: Unable to load dynamic library 'ext/pdo_sqlite' - ext/pdo_sqlite: cannot open shared object file: No such file or directory in Unknown on line 0
